  MyForm.cpp
C:\Users\dpole\Desktop\КСКС ЛР №8 КН-21-2\KSKS\KSKS\MyForm.h(237,61): warning C4244: аргумент: преобразование "int" в "float", возможна потеря данных
C:\Users\dpole\Desktop\КСКС ЛР №8 КН-21-2\KSKS\KSKS\MyForm.h(240,71): warning C4244: аргумент: преобразование "int" в "float", возможна потеря данных
C:\Users\dpole\Desktop\КСКС ЛР №8 КН-21-2\KSKS\KSKS\MyForm.h(243,67): warning C4244: аргумент: преобразование "int" в "float", возможна потеря данных
C:\Users\dpole\Desktop\КСКС ЛР №8 КН-21-2\KSKS\KSKS\MyForm.h(246,63): warning C4244: аргумент: преобразование "int" в "float", возможна потеря данных
C:\Users\dpole\Desktop\КСКС ЛР №8 КН-21-2\KSKS\KSKS\MyForm.h(249,62): warning C4244: аргумент: преобразование "int" в "float", возможна потеря данных
C:\Users\dpole\Desktop\КСКС ЛР №8 КН-21-2\KSKS\KSKS\MyForm.h(252,69): warning C4244: аргумент: преобразование "int" в "float", возможна потеря данных
C:\Users\dpole\Desktop\КСКС ЛР №8 КН-21-2\KSKS\KSKS\MyForm.h(260,38): warning C4244: аргумент: преобразование "int" в "float", возможна потеря данных
C:\Users\dpole\Desktop\КСКС ЛР №8 КН-21-2\KSKS\KSKS\MyForm.h(263,49): warning C4244: аргумент: преобразование "int" в "float", возможна потеря данных
C:\Users\dpole\Desktop\КСКС ЛР №8 КН-21-2\KSKS\KSKS\MyForm.h(263,46): warning C4244: аргумент: преобразование "int" в "float", возможна потеря данных
C:\Users\dpole\Desktop\КСКС ЛР №8 КН-21-2\KSKS\KSKS\MyForm.h(272,61): warning C4244: аргумент: преобразование "int" в "float", возможна потеря данных
C:\Users\dpole\Desktop\КСКС ЛР №8 КН-21-2\KSKS\KSKS\MyForm.h(275,71): warning C4244: аргумент: преобразование "int" в "float", возможна потеря данных
C:\Users\dpole\Desktop\КСКС ЛР №8 КН-21-2\KSKS\KSKS\MyForm.h(278,67): warning C4244: аргумент: преобразование "int" в "float", возможна потеря данных
C:\Users\dpole\Desktop\КСКС ЛР №8 КН-21-2\KSKS\KSKS\MyForm.h(281,63): warning C4244: аргумент: преобразование "int" в "float", возможна потеря данных
C:\Users\dpole\Desktop\КСКС ЛР №8 КН-21-2\KSKS\KSKS\MyForm.h(284,62): warning C4244: аргумент: преобразование "int" в "float", возможна потеря данных
C:\Users\dpole\Desktop\КСКС ЛР №8 КН-21-2\KSKS\KSKS\MyForm.h(287,69): warning C4244: аргумент: преобразование "int" в "float", возможна потеря данных
C:\Users\dpole\Desktop\КСКС ЛР №8 КН-21-2\KSKS\KSKS\MyForm.h(296,49): warning C4244: аргумент: преобразование "int" в "float", возможна потеря данных
C:\Users\dpole\Desktop\КСКС ЛР №8 КН-21-2\KSKS\KSKS\MyForm.h(296,46): warning C4244: аргумент: преобразование "int" в "float", возможна потеря данных
C:\Users\dpole\Desktop\КСКС ЛР №8 КН-21-2\KSKS\KSKS\MyForm.h(304,53): warning C4244: аргумент: преобразование "int" в "float", возможна потеря данных
C:\Users\dpole\Desktop\КСКС ЛР №8 КН-21-2\KSKS\KSKS\MyForm.h(304,50): warning C4244: аргумент: преобразование "int" в "float", возможна потеря данных
C:\Users\dpole\Desktop\КСКС ЛР №8 КН-21-2\KSKS\KSKS\MyForm.h(316,23): warning C4244: аргумент: преобразование "time_t" в "unsigned int", возможна потеря данных
C:\Users\dpole\Desktop\КСКС ЛР №8 КН-21-2\KSKS\KSKS\MyForm.h(575,61): warning C4244: аргумент: преобразование "int" в "float", возможна потеря данных
C:\Users\dpole\Desktop\КСКС ЛР №8 КН-21-2\KSKS\KSKS\MyForm.h(578,71): warning C4244: аргумент: преобразование "int" в "float", возможна потеря данных
C:\Users\dpole\Desktop\КСКС ЛР №8 КН-21-2\KSKS\KSKS\MyForm.h(581,69): warning C4244: аргумент: преобразование "int" в "float", возможна потеря данных
C:\Users\dpole\Desktop\КСКС ЛР №8 КН-21-2\KSKS\KSKS\MyForm.h(595,60): warning C4244: аргумент: преобразование "int" в "float", возможна потеря данных
C:\Users\dpole\Desktop\КСКС ЛР №8 КН-21-2\KSKS\KSKS\MyForm.h(595,57): warning C4244: аргумент: преобразование "int" в "float", возможна потеря данных
C:\Users\dpole\Desktop\КСКС ЛР №8 КН-21-2\KSKS\KSKS\MyForm.h(847,23): warning C4244: аргумент: преобразование "time_t" в "unsigned int", возможна потеря данных
C:\Users\dpole\Desktop\КСКС ЛР №8 КН-21-2\KSKS\KSKS\MyForm.h(1021,65): warning C4101: e: неиспользованная локальная переменная
  .NETFramework,Version=v4.7.2.AssemblyAttributes.cpp
  Создание кода...
  MyForm.obj : обнаружен модуль MSIL; для MSIL последовательная компоновка отключена; выполняется полная компоновка
  KSKS.vcxproj -> C:\Users\dpole\Desktop\КСКС ЛР №8 КН-21-2\KSKS\x64\Debug\KSKS.exe
